<?xml version="1.0" encoding="UTF-8"?>
<!-- Generated by org.testng.reporters.JUnitXMLReporter -->
<testsuite ignored="0" hostname="Himalaya-Laptop" failures="1" tests="1" name="Simple Extension Test" time="0.228" errors="0" timestamp="2025-04-26T17:01:15 IST">
  <testcase classname="com.vscodetest.e2e.SimpleExtensionTest" name="testExtensionInstallation" time="0.019">
    <failure type="java.lang.NullPointerException" message="Cannot invoke &amp;quot;com.vscodetest.config.Configuration.getExtensionName()&amp;quot; because &amp;quot;this.config&amp;quot; is null">
      <![CDATA[java.lang.NullPointerException: Cannot invoke "com.vscodetest.config.Configuration.getExtensionName()" because "this.config" is null
at com.vscodetest.e2e.SimpleExtensionTest.testExtensionInstallation(SimpleExtensionTest.java:14)
at java.base/java.util.ArrayList.forEach(ArrayList.java:1597)
... Removed 25 stack frames]]>
    </failure>
  </testcase> <!-- testExtensionInstallation -->
</testsuite> <!-- Simple Extension Test -->
